Android/RemLive/build/outputs/logs/manifest-merger-debug-report.txt
-- Merging decision tree log ---
manifest
ADDED from src\main\AndroidManifest.xml:2:1-34:12
INJECTED from src\main\AndroidManifest.xml:2:1-34:12
INJECTED from src\main\AndroidManifest.xml:2:1-34:12
INJECTED from src\main\AndroidManifest.xml:2:1-34:12
INJECTED from src\main\AndroidManifest.xml:2:1-34:12
INJECTED from src\main\AndroidManifest.xml:2:1-34:12
INJECTED from src\main\AndroidManifest.xml:2:1-34:12
	package
		ADDED from src\main\AndroidManifest.xml:2:70-99
		INJECTED from src\main\AndroidManifest.xml
		INJECTED from src\main\AndroidManifest.xml
	android:versionName
		INJECTED from src\main\AndroidManifest.xml
		ADDED from src\main\AndroidManifest.xml:2:1-34:12
		INJECTED from src\main\AndroidManifest.xml
	xmlns:tools
		ADDED from src\main\AndroidManifest.xml:2:100-146
	android:versionCode
		INJECTED from src\main\AndroidManifest.xml
		ADDED from src\main\AndroidManifest.xml:2:1-34:12
		INJECTED from src\main\AndroidManifest.xml
	xmlns:android
		ADDED from src\main\AndroidManifest.xml:2:11-69
	android:installLocation
		ADDED from src\main\AndroidManifest.xml:2:147-185
supports-screens
ADDED from src\main\AndroidManifest.xml:3:5-165
	android:largeScreens
		ADDED from src\main\AndroidManifest.xml:3:80-107
	android:smallScreens
		ADDED from src\main\AndroidManifest.xml:3:23-50
	android:normalScreens
		ADDED from src\main\AndroidManifest.xml:3:51-79
	android:xlargeScreens
		ADDED from src\main\AndroidManifest.xml:3:108-136
	android:anyDensity
		ADDED from src\main\AndroidManifest.xml:3:137-162
application
ADDED from src\main\AndroidManifest.xml:4:5-26:19
	android:label
		ADDED from src\main\AndroidManifest.xml:4:125-157
	android:icon
		ADDED from src\main\AndroidManifest.xml:4:93-124
	android:banner
		ADDED from src\main\AndroidManifest.xml:4:180-217
	android:theme
		ADDED from src\main\AndroidManifest.xml:4:51-92
	android:isGame
		ADDED from src\main\AndroidManifest.xml:4:158-179
	android:name
		ADDED from src\main\AndroidManifest.xml:4:18-50
activity#com.whichow.remlive.UnityPlayerActivity
ADDED from src\main\AndroidManifest.xml:5:9-12:20
	android:screenOrientation
		ADDED from src\main\AndroidManifest.xml:5:52-88
	android:label
		ADDED from src\main\AndroidManifest.xml:5:19-51
	android:launchMode
		ADDED from src\main\AndroidManifest.xml:5:89-120
	android:hardwareAccelerated
		ADDED from src\main\AndroidManifest.xml:5:303-338
	android:configChanges
		ADDED from src\main\AndroidManifest.xml:5:121-302
	android:name
		ADDED from src\main\AndroidManifest.xml:5:339-393
intent-filter#action:name:android.intent.action.MAIN+category:name:android.intent.category.LAUNCHER+category:name:android.intent.category.LEANBACK_LAUNCHER
ADDED from src\main\AndroidManifest.xml:6:13-10:29
action#android.intent.action.MAIN
ADDED from src\main\AndroidManifest.xml:7:17-69
	android:name
		ADDED from src\main\AndroidManifest.xml:7:25-66
category#android.intent.category.LAUNCHER
ADDED from src\main\AndroidManifest.xml:8:17-77
	android:name
		ADDED from src\main\AndroidManifest.xml:8:27-74
category#android.intent.category.LEANBACK_LAUNCHER
ADDED from src\main\AndroidManifest.xml:9:17-86
	android:name
		ADDED from src\main\AndroidManifest.xml:9:27-83
meta-data#unityplayer.UnityActivity
ADDED from src\main\AndroidManifest.xml:11:13-88
	android:value
		ADDED from src\main\AndroidManifest.xml:11:65-85
	android:name
		ADDED from src\main\AndroidManifest.xml:11:24-64
service#com.whichow.remlive.LiveWallpaperService
ADDED from src\main\AndroidManifest.xml:13:9-22:19
	android:label
		ADDED from src\main\AndroidManifest.xml:14:13-45
	android:permission
		ADDED from src\main\AndroidManifest.xml:15:13-67
	android:name
		ADDED from src\main\AndroidManifest.xml:13:18-54
intent-filter#action:name:android.service.wallpaper.WallpaperService
ADDED from src\main\AndroidManifest.xml:16:13-18:29
action#android.service.wallpaper.WallpaperService
ADDED from src\main\AndroidManifest.xml:17:17-85
	android:name
		ADDED from src\main\AndroidManifest.xml:17:25-82
meta-data#android.service.wallpaper
ADDED from src\main\AndroidManifest.xml:19:13-21:53
	android:resource
		ADDED from src\main\AndroidManifest.xml:21:17-50
	android:name
		ADDED from src\main\AndroidManifest.xml:20:17-57
meta-data#unity.build-id
ADDED from src\main\AndroidManifest.xml:23:9-105
	android:value
		ADDED from src\main\AndroidManifest.xml:23:50-102
	android:name
		ADDED from src\main\AndroidManifest.xml:23:20-49
meta-data#unity.splash-mode
ADDED from src\main\AndroidManifest.xml:24:9-73
	android:value
		ADDED from src\main\AndroidManifest.xml:24:53-70
	android:name
		ADDED from src\main\AndroidManifest.xml:24:20-52
meta-data#unity.splash-enable
ADDED from src\main\AndroidManifest.xml:25:9-78
	android:value
		ADDED from src\main\AndroidManifest.xml:25:55-75
	android:name
		ADDED from src\main\AndroidManifest.xml:25:20-54
uses-feature#0x00020000
ADDED from src\main\AndroidManifest.xml:27:5-54
	android:glEsVersion
		ADDED from src\main\AndroidManifest.xml:27:19-51
uses-permission#android.permission.INTERNET
ADDED from src\main\AndroidManifest.xml:28:5-67
	android:name
		ADDED from src\main\AndroidManifest.xml:28:22-64
uses-permission#android.permission.SET_WALLPAPER
ADDED from src\main\AndroidManifest.xml:29:5-72
	android:name
		ADDED from src\main\AndroidManifest.xml:29:22-69
uses-feature#android.hardware.sensor.accelerometer
ADDED from src\main\AndroidManifest.xml:30:5-99
	android:required
		ADDED from src\main\AndroidManifest.xml:30:72-96
	android:name
		ADDED from src\main\AndroidManifest.xml:30:19-71
uses-feature#android.hardware.touchscreen
ADDED from src\main\AndroidManifest.xml:31:5-90
	android:required
		ADDED from src\main\AndroidManifest.xml:31:63-87
	android:name
		ADDED from src\main\AndroidManifest.xml:31:19-62
uses-feature#android.hardware.touchscreen.multitouch
ADDED from src\main\AndroidManifest.xml:32:5-101
	android:required
		ADDED from src\main\AndroidManifest.xml:32:74-98
	android:name
		ADDED from src\main\AndroidManifest.xml:32:19-73
uses-feature#android.hardware.touchscreen.multitouch.distinct
ADDED from src\main\AndroidManifest.xml:33:5-110
	android:required
		ADDED from src\main\AndroidManifest.xml:33:83-107
	android:name
		ADDED from src\main\AndroidManifest.xml:33:19-82
uses-sdk
INJECTED from src\main\AndroidManifest.xml reason: use-sdk injection requested
INJECTED from src\main\AndroidManifest.xml
INJECTED from src\main\AndroidManifest.xml
INJECTED from src\main\AndroidManifest.xml
INJECTED from src\main\AndroidManifest.xml
	android:targetSdkVersion
		INJECTED from src\main\AndroidManifest.xml
		ADDED from src\main\AndroidManifest.xml
		INJECTED from src\main\AndroidManifest.xml
	android:minSdkVersion
		INJECTED from src\main\AndroidManifest.xml
		ADDED from src\main\AndroidManifest.xml
		INJECTED from src\main\AndroidManifest.xml